mode: atomic
github.com/disaster37/opensearch/v2/uritemplates/uritemplates.go:36.35,38.24 2 10
github.com/disaster37/opensearch/v2/uritemplates/uritemplates.go:38.24,43.3 4 11
github.com/disaster37/opensearch/v2/uritemplates/uritemplates.go:44.2,44.12 1 10
github.com/disaster37/opensearch/v2/uritemplates/uritemplates.go:47.60,48.19 1 9
github.com/disaster37/opensearch/v2/uritemplates/uritemplates.go:48.19,50.3 1 1
github.com/disaster37/opensearch/v2/uritemplates/uritemplates.go:50.8,52.3 1 8
github.com/disaster37/opensearch/v2/uritemplates/uritemplates.go:53.2,53.16 1 9
github.com/disaster37/opensearch/v2/uritemplates/uritemplates.go:63.67,68.26 5 10
github.com/disaster37/opensearch/v2/uritemplates/uritemplates.go:68.26,69.13 1 21
github.com/disaster37/opensearch/v2/uritemplates/uritemplates.go:69.13,70.32 1 10
github.com/disaster37/opensearch/v2/uritemplates/uritemplates.go:70.32,72.10 2 0
github.com/disaster37/opensearch/v2/uritemplates/uritemplates.go:74.4,74.29 1 10
github.com/disaster37/opensearch/v2/uritemplates/uritemplates.go:75.9,77.26 2 11
github.com/disaster37/opensearch/v2/uritemplates/uritemplates.go:77.26,79.10 2 1
github.com/disaster37/opensearch/v2/uritemplates/uritemplates.go:81.4,83.18 3 10
github.com/disaster37/opensearch/v2/uritemplates/uritemplates.go:83.18,84.10 1 0
github.com/disaster37/opensearch/v2/uritemplates/uritemplates.go:86.4,86.41 1 10
github.com/disaster37/opensearch/v2/uritemplates/uritemplates.go:89.2,89.16 1 10
github.com/disaster37/opensearch/v2/uritemplates/uritemplates.go:89.16,91.3 1 1
github.com/disaster37/opensearch/v2/uritemplates/uritemplates.go:92.2,92.22 1 10
github.com/disaster37/opensearch/v2/uritemplates/uritemplates.go:111.74,112.23 1 10
github.com/disaster37/opensearch/v2/uritemplates/uritemplates.go:113.11,116.30 3 1
github.com/disaster37/opensearch/v2/uritemplates/uritemplates.go:117.11,120.30 3 0
github.com/disaster37/opensearch/v2/uritemplates/uritemplates.go:121.11,124.30 3 0
github.com/disaster37/opensearch/v2/uritemplates/uritemplates.go:125.11,129.30 4 0
github.com/disaster37/opensearch/v2/uritemplates/uritemplates.go:130.11,135.30 5 0
github.com/disaster37/opensearch/v2/uritemplates/uritemplates.go:136.11,141.30 5 0
github.com/disaster37/opensearch/v2/uritemplates/uritemplates.go:142.11,146.30 4 0
github.com/disaster37/opensearch/v2/uritemplates/uritemplates.go:147.10,148.19 1 9
github.com/disaster37/opensearch/v2/uritemplates/uritemplates.go:150.2,152.31 3 10
github.com/disaster37/opensearch/v2/uritemplates/uritemplates.go:152.31,154.17 2 10
github.com/disaster37/opensearch/v2/uritemplates/uritemplates.go:154.17,155.9 1 0
github.com/disaster37/opensearch/v2/uritemplates/uritemplates.go:158.2,158.20 1 10
github.com/disaster37/opensearch/v2/uritemplates/uritemplates.go:161.62,162.34 1 10
github.com/disaster37/opensearch/v2/uritemplates/uritemplates.go:162.34,165.3 2 0
github.com/disaster37/opensearch/v2/uritemplates/uritemplates.go:166.2,167.21 2 10
github.com/disaster37/opensearch/v2/uritemplates/uritemplates.go:167.21,169.3 1 10
github.com/disaster37/opensearch/v2/uritemplates/uritemplates.go:169.8,169.28 1 0
github.com/disaster37/opensearch/v2/uritemplates/uritemplates.go:169.28,174.3 4 0
github.com/disaster37/opensearch/v2/uritemplates/uritemplates.go:174.8,176.3 1 0
github.com/disaster37/opensearch/v2/uritemplates/uritemplates.go:177.2,177.41 1 10
github.com/disaster37/opensearch/v2/uritemplates/uritemplates.go:177.41,179.3 1 0
github.com/disaster37/opensearch/v2/uritemplates/uritemplates.go:180.2,180.43 1 10
github.com/disaster37/opensearch/v2/uritemplates/uritemplates.go:180.43,182.3 1 0
github.com/disaster37/opensearch/v2/uritemplates/uritemplates.go:183.2,183.20 1 10
github.com/disaster37/opensearch/v2/uritemplates/uritemplates.go:187.68,189.12 2 9
github.com/disaster37/opensearch/v2/uritemplates/uritemplates.go:189.12,190.44 1 0
github.com/disaster37/opensearch/v2/uritemplates/uritemplates.go:190.44,192.4 1 0
github.com/disaster37/opensearch/v2/uritemplates/uritemplates.go:192.9,194.4 1 0
github.com/disaster37/opensearch/v2/uritemplates/uritemplates.go:196.2,197.31 2 9
github.com/disaster37/opensearch/v2/uritemplates/uritemplates.go:197.31,199.17 2 29
github.com/disaster37/opensearch/v2/uritemplates/uritemplates.go:199.17,201.4 1 0
github.com/disaster37/opensearch/v2/uritemplates/uritemplates.go:203.2,203.26 1 9
github.com/disaster37/opensearch/v2/uritemplates/uritemplates.go:206.90,207.23 1 29
github.com/disaster37/opensearch/v2/uritemplates/uritemplates.go:207.23,210.3 2 18
github.com/disaster37/opensearch/v2/uritemplates/uritemplates.go:211.2,214.34 4 11
github.com/disaster37/opensearch/v2/uritemplates/uritemplates.go:214.34,216.14 2 10
github.com/disaster37/opensearch/v2/uritemplates/uritemplates.go:216.14,217.12 1 1
github.com/disaster37/opensearch/v2/uritemplates/uritemplates.go:219.3,219.28 1 9
github.com/disaster37/opensearch/v2/uritemplates/uritemplates.go:219.28,221.4 1 0
github.com/disaster37/opensearch/v2/uritemplates/uritemplates.go:222.3,222.28 1 9
github.com/disaster37/opensearch/v2/uritemplates/uritemplates.go:223.15,224.35 1 9
github.com/disaster37/opensearch/v2/uritemplates/uritemplates.go:225.22,226.34 1 0
github.com/disaster37/opensearch/v2/uritemplates/uritemplates.go:227.31,228.25 1 0
github.com/disaster37/opensearch/v2/uritemplates/uritemplates.go:228.25,230.5 1 0
github.com/disaster37/opensearch/v2/uritemplates/uritemplates.go:231.4,231.32 1 0
github.com/disaster37/opensearch/v2/uritemplates/uritemplates.go:232.11,233.44 1 0
github.com/disaster37/opensearch/v2/uritemplates/uritemplates.go:233.44,234.26 1 0
github.com/disaster37/opensearch/v2/uritemplates/uritemplates.go:234.26,236.6 1 0
github.com/disaster37/opensearch/v2/uritemplates/uritemplates.go:237.5,237.33 1 0
github.com/disaster37/opensearch/v2/uritemplates/uritemplates.go:238.10,241.5 2 0
github.com/disaster37/opensearch/v2/uritemplates/uritemplates.go:244.2,244.27 1 11
github.com/disaster37/opensearch/v2/uritemplates/uritemplates.go:244.27,248.3 3 2
github.com/disaster37/opensearch/v2/uritemplates/uritemplates.go:249.2,249.12 1 11
github.com/disaster37/opensearch/v2/uritemplates/uritemplates.go:252.82,253.16 1 9
github.com/disaster37/opensearch/v2/uritemplates/uritemplates.go:253.16,255.12 2 0
github.com/disaster37/opensearch/v2/uritemplates/uritemplates.go:255.12,257.4 1 0
github.com/disaster37/opensearch/v2/uritemplates/uritemplates.go:257.9,259.4 1 0
github.com/disaster37/opensearch/v2/uritemplates/uritemplates.go:263.85,264.43 1 9
github.com/disaster37/opensearch/v2/uritemplates/uritemplates.go:264.43,266.3 1 0
github.com/disaster37/opensearch/v2/uritemplates/uritemplates.go:267.2,268.48 2 9
github.com/disaster37/opensearch/v2/uritemplates/uritemplates.go:271.91,272.17 1 0
github.com/disaster37/opensearch/v2/uritemplates/uritemplates.go:272.17,274.3 1 0
github.com/disaster37/opensearch/v2/uritemplates/uritemplates.go:274.8,274.23 1 0
github.com/disaster37/opensearch/v2/uritemplates/uritemplates.go:274.23,276.3 1 0
github.com/disaster37/opensearch/v2/uritemplates/uritemplates.go:277.2,277.26 1 0
github.com/disaster37/opensearch/v2/uritemplates/uritemplates.go:277.26,278.25 1 0
github.com/disaster37/opensearch/v2/uritemplates/uritemplates.go:278.25,280.4 1 0
github.com/disaster37/opensearch/v2/uritemplates/uritemplates.go:280.9,280.19 1 0
github.com/disaster37/opensearch/v2/uritemplates/uritemplates.go:280.19,282.4 1 0
github.com/disaster37/opensearch/v2/uritemplates/uritemplates.go:283.3,284.28 2 0
github.com/disaster37/opensearch/v2/uritemplates/uritemplates.go:285.15,286.9 1 0
github.com/disaster37/opensearch/v2/uritemplates/uritemplates.go:287.11,288.28 1 0
github.com/disaster37/opensearch/v2/uritemplates/uritemplates.go:290.3,290.44 1 0
github.com/disaster37/opensearch/v2/uritemplates/uritemplates.go:290.44,292.4 1 0
github.com/disaster37/opensearch/v2/uritemplates/uritemplates.go:293.3,293.30 1 0
github.com/disaster37/opensearch/v2/uritemplates/uritemplates.go:293.30,295.4 1 0
github.com/disaster37/opensearch/v2/uritemplates/uritemplates.go:296.3,296.49 1 0
github.com/disaster37/opensearch/v2/uritemplates/uritemplates.go:300.98,301.17 1 0
github.com/disaster37/opensearch/v2/uritemplates/uritemplates.go:301.17,303.3 1 0
github.com/disaster37/opensearch/v2/uritemplates/uritemplates.go:304.2,304.16 1 0
github.com/disaster37/opensearch/v2/uritemplates/uritemplates.go:304.16,306.3 1 0
github.com/disaster37/opensearch/v2/uritemplates/uritemplates.go:307.2,308.26 2 0
github.com/disaster37/opensearch/v2/uritemplates/uritemplates.go:308.26,309.28 1 0
github.com/disaster37/opensearch/v2/uritemplates/uritemplates.go:309.28,310.17 1 0
github.com/disaster37/opensearch/v2/uritemplates/uritemplates.go:310.17,312.5 1 0
github.com/disaster37/opensearch/v2/uritemplates/uritemplates.go:312.10,314.5 1 0
github.com/disaster37/opensearch/v2/uritemplates/uritemplates.go:316.3,317.28 2 0
github.com/disaster37/opensearch/v2/uritemplates/uritemplates.go:318.15,319.9 1 0
github.com/disaster37/opensearch/v2/uritemplates/uritemplates.go:320.11,321.28 1 0
github.com/disaster37/opensearch/v2/uritemplates/uritemplates.go:323.3,323.16 1 0
github.com/disaster37/opensearch/v2/uritemplates/uritemplates.go:323.16,327.4 3 0
github.com/disaster37/opensearch/v2/uritemplates/uritemplates.go:327.9,331.4 3 0
github.com/disaster37/opensearch/v2/uritemplates/uritemplates.go:335.63,337.29 2 0
github.com/disaster37/opensearch/v2/uritemplates/uritemplates.go:338.19,339.46 1 0
github.com/disaster37/opensearch/v2/uritemplates/uritemplates.go:340.22,342.41 2 0
github.com/disaster37/opensearch/v2/uritemplates/uritemplates.go:342.41,345.42 3 0
github.com/disaster37/opensearch/v2/uritemplates/uritemplates.go:345.42,347.5 1 0
github.com/disaster37/opensearch/v2/uritemplates/uritemplates.go:347.10,349.5 1 0
github.com/disaster37/opensearch/v2/uritemplates/uritemplates.go:350.4,350.22 1 0
github.com/disaster37/opensearch/v2/uritemplates/uritemplates.go:350.22,352.5 1 0
github.com/disaster37/opensearch/v2/uritemplates/uritemplates.go:353.4,353.40 1 0
github.com/disaster37/opensearch/v2/uritemplates/uritemplates.go:355.3,355.17 1 0
github.com/disaster37/opensearch/v2/uritemplates/uritemplates.go:357.2,357.19 1 0
github.com/disaster37/opensearch/v2/uritemplates/utils.go:3.72,5.16 2 10
github.com/disaster37/opensearch/v2/uritemplates/utils.go:5.16,7.3 1 1
github.com/disaster37/opensearch/v2/uritemplates/utils.go:8.2,9.31 2 9
github.com/disaster37/opensearch/v2/uritemplates/utils.go:9.31,11.3 1 10
github.com/disaster37/opensearch/v2/uritemplates/utils.go:12.2,12.32 1 9
github.com/disaster37/opensearch/v2/config/config.go:40.51,48.16 3 3
github.com/disaster37/opensearch/v2/config/config.go:48.16,50.3 1 0
github.com/disaster37/opensearch/v2/config/config.go:51.2,52.21 2 3
github.com/disaster37/opensearch/v2/config/config.go:52.21,55.3 2 3
github.com/disaster37/opensearch/v2/config/config.go:56.2,58.67 2 3
github.com/disaster37/opensearch/v2/config/config.go:58.67,60.3 1 2
github.com/disaster37/opensearch/v2/config/config.go:61.2,61.69 1 3
github.com/disaster37/opensearch/v2/config/config.go:61.69,63.3 1 2
github.com/disaster37/opensearch/v2/config/config.go:64.2,64.44 1 3
github.com/disaster37/opensearch/v2/config/config.go:64.44,65.49 1 3
github.com/disaster37/opensearch/v2/config/config.go:65.49,67.4 1 3
github.com/disaster37/opensearch/v2/config/config.go:69.2,69.50 1 3
github.com/disaster37/opensearch/v2/config/config.go:69.50,70.49 1 1
github.com/disaster37/opensearch/v2/config/config.go:70.49,72.4 1 1
github.com/disaster37/opensearch/v2/config/config.go:75.2,80.17 5 3
github.com/disaster37/opensearch/v2/cluster-test/cluster-test.go:49.13,54.18 3 0
github.com/disaster37/opensearch/v2/cluster-test/cluster-test.go:54.18,56.3 1 0
github.com/disaster37/opensearch/v2/cluster-test/cluster-test.go:57.2,60.16 3 0
github.com/disaster37/opensearch/v2/cluster-test/cluster-test.go:60.16,62.3 1 0
github.com/disaster37/opensearch/v2/cluster-test/cluster-test.go:64.2,73.41 9 0
github.com/disaster37/opensearch/v2/cluster-test/cluster-test.go:73.41,75.3 1 0
github.com/disaster37/opensearch/v2/cluster-test/cluster-test.go:77.2,77.9 1 0
github.com/disaster37/opensearch/v2/cluster-test/cluster-test.go:101.67,102.17 1 0
github.com/disaster37/opensearch/v2/cluster-test/cluster-test.go:102.17,104.3 1 0
github.com/disaster37/opensearch/v2/cluster-test/cluster-test.go:106.2,110.8 1 0
github.com/disaster37/opensearch/v2/cluster-test/cluster-test.go:113.42,115.2 1 0
github.com/disaster37/opensearch/v2/cluster-test/cluster-test.go:117.49,119.2 1 0
github.com/disaster37/opensearch/v2/cluster-test/cluster-test.go:121.48,123.2 1 0
github.com/disaster37/opensearch/v2/cluster-test/cluster-test.go:125.49,127.2 1 0
github.com/disaster37/opensearch/v2/cluster-test/cluster-test.go:129.41,131.2 1 0
github.com/disaster37/opensearch/v2/cluster-test/cluster-test.go:133.43,135.2 1 0
github.com/disaster37/opensearch/v2/cluster-test/cluster-test.go:137.56,139.2 1 0
github.com/disaster37/opensearch/v2/cluster-test/cluster-test.go:141.49,143.2 1 0
github.com/disaster37/opensearch/v2/cluster-test/cluster-test.go:145.60,147.2 1 0
github.com/disaster37/opensearch/v2/cluster-test/cluster-test.go:149.37,150.34 1 0
github.com/disaster37/opensearch/v2/cluster-test/cluster-test.go:150.34,152.3 1 0
github.com/disaster37/opensearch/v2/cluster-test/cluster-test.go:154.2,154.25 1 0
github.com/disaster37/opensearch/v2/cluster-test/cluster-test.go:154.25,156.3 1 0
github.com/disaster37/opensearch/v2/cluster-test/cluster-test.go:158.2,160.12 2 0
github.com/disaster37/opensearch/v2/cluster-test/cluster-test.go:163.30,164.18 1 0
github.com/disaster37/opensearch/v2/cluster-test/cluster-test.go:164.18,166.3 1 0
github.com/disaster37/opensearch/v2/cluster-test/cluster-test.go:168.2,168.6 1 0
github.com/disaster37/opensearch/v2/cluster-test/cluster-test.go:168.6,169.10 1 0
github.com/disaster37/opensearch/v2/cluster-test/cluster-test.go:170.25,172.20 2 0
github.com/disaster37/opensearch/v2/cluster-test/cluster-test.go:172.20,175.5 2 0
github.com/disaster37/opensearch/v2/cluster-test/cluster-test.go:176.4,176.11 1 0
github.com/disaster37/opensearch/v2/cluster-test/cluster-test.go:177.38,180.9 2 0
github.com/disaster37/opensearch/v2/cluster-test/cluster-test.go:185.34,199.16 11 0
github.com/disaster37/opensearch/v2/cluster-test/cluster-test.go:199.16,202.3 1 0
github.com/disaster37/opensearch/v2/cluster-test/cluster-test.go:203.2,209.16 4 0
github.com/disaster37/opensearch/v2/cluster-test/cluster-test.go:209.16,211.3 1 0
github.com/disaster37/opensearch/v2/cluster-test/cluster-test.go:212.2,212.12 1 0
github.com/disaster37/opensearch/v2/cluster-test/cluster-test.go:212.12,214.17 2 0
github.com/disaster37/opensearch/v2/cluster-test/cluster-test.go:214.17,216.4 1 0
github.com/disaster37/opensearch/v2/cluster-test/cluster-test.go:217.3,217.32 1 0
github.com/disaster37/opensearch/v2/cluster-test/cluster-test.go:217.32,219.4 1 0
github.com/disaster37/opensearch/v2/cluster-test/cluster-test.go:223.2,224.16 2 0
github.com/disaster37/opensearch/v2/cluster-test/cluster-test.go:224.16,226.3 1 0
github.com/disaster37/opensearch/v2/cluster-test/cluster-test.go:227.2,227.31 1 0
github.com/disaster37/opensearch/v2/cluster-test/cluster-test.go:227.31,229.3 1 0
github.com/disaster37/opensearch/v2/cluster-test/cluster-test.go:232.2,238.16 3 0
github.com/disaster37/opensearch/v2/cluster-test/cluster-test.go:238.16,240.3 1 0
github.com/disaster37/opensearch/v2/cluster-test/cluster-test.go:243.2,249.16 3 0
github.com/disaster37/opensearch/v2/cluster-test/cluster-test.go:249.16,251.3 1 0
github.com/disaster37/opensearch/v2/cluster-test/cluster-test.go:254.2,255.16 2 0
github.com/disaster37/opensearch/v2/cluster-test/cluster-test.go:255.16,257.3 1 0
github.com/disaster37/opensearch/v2/cluster-test/cluster-test.go:259.2,259.12 1 0
github.com/disaster37/opensearch/v2/cluster-test/cluster-test.go:262.29,266.6 2 0
github.com/disaster37/opensearch/v2/cluster-test/cluster-test.go:266.6,272.17 2 0
github.com/disaster37/opensearch/v2/cluster-test/cluster-test.go:272.17,275.12 2 0
github.com/disaster37/opensearch/v2/cluster-test/cluster-test.go:277.3,277.33 1 0
github.com/disaster37/opensearch/v2/cluster-test/cluster-test.go:277.33,281.12 2 0
github.com/disaster37/opensearch/v2/cluster-test/cluster-test.go:285.3,292.17 2 0
github.com/disaster37/opensearch/v2/cluster-test/cluster-test.go:292.17,295.12 2 0
github.com/disaster37/opensearch/v2/cluster-test/cluster-test.go:303.3,303.44 1 0
github.com/disaster37/opensearch/v2/cluster-test/cluster-test.go:303.44,307.47 1 0
github.com/disaster37/opensearch/v2/cluster-test/cluster-test.go:307.47,313.19 3 0
github.com/disaster37/opensearch/v2/cluster-test/cluster-test.go:313.19,317.14 2 0
github.com/disaster37/opensearch/v2/cluster-test/cluster-test.go:325.3,328.63 2 0
github.com/disaster37/opensearch/v2/trace/opentelemetry/transport.go:26.52,27.28 1 0
github.com/disaster37/opensearch/v2/trace/opentelemetry/transport.go:27.28,29.3 1 0
github.com/disaster37/opensearch/v2/trace/opentelemetry/transport.go:34.46,36.25 2 0
github.com/disaster37/opensearch/v2/trace/opentelemetry/transport.go:36.25,38.3 1 0
github.com/disaster37/opensearch/v2/trace/opentelemetry/transport.go:39.2,39.10 1 0
github.com/disaster37/opensearch/v2/trace/opentelemetry/transport.go:44.74,67.17 6 0
github.com/disaster37/opensearch/v2/trace/opentelemetry/transport.go:67.17,69.3 1 0
github.com/disaster37/opensearch/v2/trace/opentelemetry/transport.go:69.8,71.3 1 0
github.com/disaster37/opensearch/v2/trace/opentelemetry/transport.go:72.2,72.16 1 0
github.com/disaster37/opensearch/v2/trace/opentelemetry/transport.go:72.16,75.3 2 0
github.com/disaster37/opensearch/v2/trace/opentelemetry/transport.go:76.2,76.17 1 0
github.com/disaster37/opensearch/v2/trace/opentelemetry/transport.go:76.17,78.3 1 0
github.com/disaster37/opensearch/v2/trace/opentelemetry/transport.go:80.2,80.18 1 0
github.com/disaster37/opensearch/v2/trace/opentracing/transport.go:25.52,26.28 1 2
github.com/disaster37/opensearch/v2/trace/opentracing/transport.go:26.28,28.3 1 2
github.com/disaster37/opensearch/v2/trace/opentracing/transport.go:33.46,35.25 2 2
github.com/disaster37/opensearch/v2/trace/opentracing/transport.go:35.25,37.3 1 2
github.com/disaster37/opensearch/v2/trace/opentracing/transport.go:38.2,38.10 1 2
github.com/disaster37/opensearch/v2/trace/opentracing/transport.go:43.74,58.17 10 2
github.com/disaster37/opensearch/v2/trace/opentracing/transport.go:58.17,60.3 1 2
github.com/disaster37/opensearch/v2/trace/opentracing/transport.go:60.8,62.3 1 0
github.com/disaster37/opensearch/v2/trace/opentracing/transport.go:63.2,63.16 1 2
github.com/disaster37/opensearch/v2/trace/opentracing/transport.go:63.16,65.3 1 1
github.com/disaster37/opensearch/v2/trace/opentracing/transport.go:66.2,66.17 1 2
github.com/disaster37/opensearch/v2/trace/opentracing/transport.go:66.17,68.3 1 1
github.com/disaster37/opensearch/v2/trace/opentracing/transport.go:70.2,70.18 1 2
github.com/disaster37/opensearch/v2/trace/opentracing/util.go:11.33,14.2 2 2
github.com/disaster37/opensearch/v2/trace/opencensus/transport.go:28.52,29.28 1 1
github.com/disaster37/opensearch/v2/trace/opencensus/transport.go:29.28,31.3 1 1
github.com/disaster37/opensearch/v2/trace/opencensus/transport.go:36.61,37.28 1 1
github.com/disaster37/opensearch/v2/trace/opencensus/transport.go:37.28,39.3 1 1
github.com/disaster37/opensearch/v2/trace/opencensus/transport.go:44.46,46.25 2 1
github.com/disaster37/opensearch/v2/trace/opencensus/transport.go:46.25,48.3 1 2
github.com/disaster37/opensearch/v2/trace/opencensus/transport.go:49.2,49.10 1 1
github.com/disaster37/opensearch/v2/trace/opencensus/transport.go:54.74,70.15 6 1
github.com/disaster37/opensearch/v2/trace/opencensus/transport.go:70.15,73.3 2 1
github.com/disaster37/opensearch/v2/trace/opencensus/transport.go:74.2,74.17 1 1
github.com/disaster37/opensearch/v2/trace/opencensus/transport.go:74.17,76.3 1 1
github.com/disaster37/opensearch/v2/trace/opencensus/transport.go:76.8,78.3 1 0
github.com/disaster37/opensearch/v2/trace/opencensus/transport.go:79.2,79.18 1 1
github.com/disaster37/opensearch/v2/trace/opencensus/transport.go:83.49,85.9 2 1
github.com/disaster37/opensearch/v2/trace/opencensus/transport.go:86.18,89.9 3 1
github.com/disaster37/opensearch/v2/trace/opencensus/transport.go:90.31,91.42 1 0
github.com/disaster37/opensearch/v2/trace/opencensus/transport.go:92.39,93.49 1 0
github.com/disaster37/opensearch/v2/trace/opencensus/transport.go:94.22,95.44 1 0
github.com/disaster37/opensearch/v2/trace/opencensus/transport.go:96.23,97.41 1 0
github.com/disaster37/opensearch/v2/trace/opencensus/transport.go:98.23,99.51 1 0
github.com/disaster37/opensearch/v2/trace/opencensus/transport.go:100.24,101.49 1 0
github.com/disaster37/opensearch/v2/trace/opencensus/transport.go:102.22,103.50 1 0
github.com/disaster37/opensearch/v2/trace/opencensus/transport.go:104.10,105.40 1 0
github.com/disaster37/opensearch/v2/trace/opencensus/transport.go:107.2,108.24 2 0
github.com/disaster37/opensearch/v2/trace/opencensus/transport.go:133.42,134.48 1 0
github.com/disaster37/opensearch/v2/trace/opencensus/transport.go:134.48,136.3 1 0
github.com/disaster37/opensearch/v2/trace/opencensus/transport.go:137.2,137.86 1 0
github.com/disaster37/opensearch/v2/trace/opencensus/transport.go:142.32,143.16 1 0
github.com/disaster37/opensearch/v2/trace/opencensus/transport.go:143.16,145.3 1 0
github.com/disaster37/opensearch/v2/trace/opencensus/transport.go:146.2,146.51 1 0
github.com/disaster37/opensearch/v2/trace/opencensus/transport.go:146.51,148.3 1 0
github.com/disaster37/opensearch/v2/trace/opencensus/transport.go:149.2,150.21 2 0
github.com/disaster37/opensearch/v2/trace/opencensus/transport.go:150.21,152.3 1 0
github.com/disaster37/opensearch/v2/trace/opencensus/transport.go:153.2,153.56 1 0
github.com/disaster37/opensearch/v2/trace/opencensus/transport.go:153.56,155.3 1 0
github.com/disaster37/opensearch/v2/trace/opencensus/transport.go:156.2,156.14 1 0
github.com/disaster37/opensearch/v2/trace/opencensus/transport.go:162.39,164.2 1 0
github.com/disaster37/opensearch/v2/trace/opencensus/transport.go:169.38,171.2 1 0
github.com/disaster37/opensearch/v2/trace/opencensus/transport.go:178.39,180.2 1 0
github.com/disaster37/opensearch/v2/trace/opencensus/transport.go:186.40,188.2 1 0
github.com/disaster37/opensearch/v2/trace/opencensus/transport.go:193.51,194.25 1 0
github.com/disaster37/opensearch/v2/trace/opencensus/transport.go:195.22,196.30 1 0
github.com/disaster37/opensearch/v2/trace/opencensus/transport.go:197.24,198.26 1 0
github.com/disaster37/opensearch/v2/trace/opencensus/transport.go:199.23,200.26 1 0
github.com/disaster37/opensearch/v2/trace/opencensus/transport.go:201.11,202.19 1 0
github.com/disaster37/opensearch/v2/trace/opencensus/transport.go:204.2,204.14 1 0
github.com/disaster37/opensearch/v2/trace/opencensus/util.go:11.29,14.2 2 1
